{
  "RSpec": {
    "coverage": {
      "/Users/jordan/Documents/Makers/TechTests/bank_tech_test/spec/account_spec.rb": [
        1,
        null,
        1,
        10,
        null,
        1,
        1,
        1,
        null,
        null,
        1,
        1,
        null,
        null,
        1,
        1,
        null,
        null,
        1,
        1,
        null,
        null,
        null,
        null,
        1,
        1,
        1,
        1,
        null,
        null,
        1,
        1,
        1,
        null,
        null,
        null,
        1,
        1,
        1,
        1,
        1,
        null,
        null,
        1,
        1,
        1,
        1,
        null,
        null,
        null,
        1,
        1,
        1,
        1,
        1,
        1,
        1,
        null,
        null,
        null,
        null
      ],
      "/Users/jordan/Documents/Makers/TechTests/bank_tech_test/lib/account.rb": [
        1,
        null,
        1,
        null,
        null,
        1,
        null,
        1,
        9,
        9,
        9,
        9,
        null,
        null,
        1,
        null,
        5,
        5,
        null,
        null,
        1,
        null,
        4,
        4,
        null,
        null,
        1,
        1,
        1,
        null,
        null,
        null,
        null
      ],
      "/Users/jordan/Documents/Makers/TechTests/bank_tech_test/lib/statement.rb": [
        1,
        null,
        null,
        1,
        null,
        1,
        null,
        1,
        2,
        null,
        null,
        null
      ],
      "/Users/jordan/Documents/Makers/TechTests/bank_tech_test/spec/statement_spec.rb": [
        1,
        null,
        1,
        2,
        null,
        1,
        1,
        1,
        null,
        null,
        null,
        1,
        1,
        null,
        null,
        null
      ]
    },
    "timestamp": 1559576215
  }
}
