{
  "RSpec": {
    "coverage": {
      "/Users/jordan/Documents/Makers/TechTests/bank_tech_test/spec/account_spec.rb": [
        1,
        null,
        1,
        13,
        null,
        1,
        1,
        1,
        null,
        null,
        1,
        1,
        null,
        null,
        1,
        1,
        null,
        null,
        1,
        1,
        null,
        null,
        1,
        1,
        null,
        null,
        1,
        1,
        null,
        null,
        null,
        null,
        1,
        1,
        1,
        1,
        null,
        null,
        1,
        1,
        1,
        null,
        null,
        null,
        1,
        1,
        1,
        1,
        1,
        null,
        null,
        1,
        1,
        1,
        1,
        null,
        null,
        null,
        1,
        1,
        1,
        1,
        null,
        null,
        null,
        1,
        1,
        1,
        1,
        1,
        null,
        null,
        null
      ],
      "/Users/jordan/Documents/Makers/TechTests/bank_tech_test/lib/account.rb": [
        1,
        1,
        null,
        1,
        null,
        null,
        1,
        null,
        1,
        13,
        13,
        13,
        13,
        13,
        13,
        null,
        null,
        1,
        null,
        7,
        7,
        null,
        null,
        1,
        null,
        2,
        2,
        null,
        null,
        1,
        2,
        2,
        2,
        null,
        null,
        1,
        1,
        2,
        2,
        null,
        null
      ],
      "/Users/jordan/Documents/Makers/TechTests/bank_tech_test/lib/statement.rb": [
        1,
        1,
        null,
        null,
        1,
        null,
        1,
        null,
        1,
        14,
        null,
        null,
        1,
        null,
        1,
        1,
        1,
        null,
        null,
        null
      ],
      "/Users/jordan/Documents/Makers/TechTests/bank_tech_test/spec/statement_spec.rb": [
        1,
        null,
        1,
        2,
        null,
        1,
        1,
        1,
        null,
        null,
        null,
        1,
        1,
        1,
        1,
        1,
        1,
        null,
        null,
        null,
        null
      ]
    },
    "timestamp": 1559631170
  }
}
